2025-04-01T22:19:15.306Z CMD Storage initialized
2025-04-01T22:19:15.309Z INFO [request=91a005c2-4bef-409f-8038-5ce89ada4437]Found 51 starred and 100 listened episodes
2025-04-01T22:19:15.580Z API [request=5772668c-37d2-495c-bc72-ebeb6f8c3b9f episode=b516b932-634e-426b-aad2-7cf0fefeed9a source=pocketcasts-cache]GET /episode/show_notes/b516b932-634e-426b-aad2-7cf0fefeed9a 200 231ms
2025-04-01T22:19:16.056Z API [request=e07940ed-d7a3-41da-8202-84fc51728659 episode=e3fb6d3a-118f-474f-aca1-b64fbe9b21d6 source=pocketcasts-cache]GET /episode/show_notes/e3fb6d3a-118f-474f-aca1-b64fbe9b21d6 200 166ms
2025-04-01T22:19:16.605Z API [request=60f709e6-40c6-436c-9e55-caa8ebc1b94f episode=533dfec5-4911-4f03-a093-cade8995a304 source=pocketcasts-cache]GET /episode/show_notes/533dfec5-4911-4f03-a093-cade8995a304 200 50ms
2025-04-01T22:19:17.154Z API [request=168e439f-a2fb-411d-909e-824ed74a4d94 episode=2989d547-66e1-45ea-b980-54ce39194eb3 source=pocketcasts-cache]GET /episode/show_notes/2989d547-66e1-45ea-b980-54ce39194eb3 200 130ms
2025-04-01T22:19:17.569Z API [request=7f6e9a6f-8750-4acc-b219-2ba70605c8eb episode=c9cca378-1270-4da6-ae22-f731b42d3081 source=pocketcasts-cache]GET /episode/show_notes/c9cca378-1270-4da6-ae22-f731b42d3081 200 68ms
2025-04-01T22:19:18.032Z API [request=316b4b2b-f60c-4891-a041-e8e6fb07800e episode=67e3afa4-a967-456a-9606-ae4e42df9c75 source=pocketcasts-cache]GET /episode/show_notes/67e3afa4-a967-456a-9606-ae4e42df9c75 200 87ms
2025-04-01T22:19:18.439Z API [request=07d91eeb-915e-4e3f-a500-9fdf01534a07 episode=3d48a656-67d2-4185-93c9-ab65c2da0470 source=pocketcasts-cache]GET /episode/show_notes/3d48a656-67d2-4185-93c9-ab65c2da0470 200 135ms
2025-04-01T22:19:18.693Z API [request=af2ca80f-7719-4539-80e3-9ca7249d1d45 episode=93c97cfe-5673-4f13-98dd-6675fb0c62a8 source=pocketcasts-cache]GET /episode/show_notes/93c97cfe-5673-4f13-98dd-6675fb0c62a8 200 152ms
2025-04-01T22:19:18.866Z API [request=c34f50e8-26e3-4236-8016-1421f23ddb6d episode=dc8db552-32fb-4e4a-b7a4-9f5596aaa248 source=pocketcasts-cache]GET /episode/show_notes/dc8db552-32fb-4e4a-b7a4-9f5596aaa248 200 132ms
2025-04-01T22:19:19.044Z API [request=f94e6b65-92d7-44c4-a99f-86fa879aa423 episode=08e522b9-4847-42e7-a2d5-478b388169b3 source=pocketcasts-cache]GET /episode/show_notes/08e522b9-4847-42e7-a2d5-478b388169b3 200 134ms
2025-04-01T22:19:19.125Z API [request=f7edde43-090c-480d-a179-c667075020fa episode=40645cb4-bd42-4e14-b493-c42f337524ba source=pocketcasts-cache]GET /episode/show_notes/40645cb4-bd42-4e14-b493-c42f337524ba 200 56ms
2025-04-01T22:19:19.267Z API [request=3434587e-6b22-4e87-8468-08ae4ae7e162 episode=034f59bf-bd36-4ce9-ad36-178ee9ecd5f2 source=pocketcasts-cache]GET /episode/show_notes/034f59bf-bd36-4ce9-ad36-178ee9ecd5f2 200 50ms
2025-04-01T22:19:19.495Z API [request=6258a019-ef33-4156-8853-c30c892cd7d7 episode=516ffc4d-f71f-4397-b930-19117f0c66a3 source=pocketcasts-cache]GET /episode/show_notes/516ffc4d-f71f-4397-b930-19117f0c66a3 200 87ms
2025-04-01T22:19:19.616Z API [request=a2edd497-5223-4a53-96ee-bab40cc372f8 episode=256a633c-f01c-4322-a7c7-9715b0d78ae7 source=pocketcasts-cache]GET /episode/show_notes/256a633c-f01c-4322-a7c7-9715b0d78ae7 200 48ms
2025-04-01T22:19:19.921Z API [request=9aa3a91a-b4d2-4524-9c44-e8268d3b89d3 episode=bc98cab9-05eb-40b1-8fdb-ee512abbca0a source=pocketcasts-cache]GET /episode/show_notes/bc98cab9-05eb-40b1-8fdb-ee512abbca0a 200 175ms
2025-04-01T22:19:20.000Z API [request=15f19a44-09b5-4dea-a0b6-8fa83ce37354 episode=76410bf0-9e5e-4379-a8a4-95cd2355c06d source=pocketcasts-cache]GET /episode/show_notes/76410bf0-9e5e-4379-a8a4-95cd2355c06d 200 78ms
2025-04-01T22:19:20.144Z API [request=4b907456-9618-454a-b68c-b7692451b76f episode=60b69aef-7958-4af8-8d55-2ae2fd7b0f48 source=pocketcasts-cache]GET /episode/show_notes/60b69aef-7958-4af8-8d55-2ae2fd7b0f48 200 63ms
2025-04-01T22:19:20.319Z API [request=e055658d-9521-43c4-8273-80ff5aea0c85 episode=603633c6-5b41-47af-835d-165829f86bb1 source=pocketcasts-cache]GET /episode/show_notes/603633c6-5b41-47af-835d-165829f86bb1 200 95ms
2025-04-01T22:21:12.474Z CMD Storage initialized
2025-04-01T22:21:12.478Z INFO [request=051c0fa3-abee-476b-8791-48485615426e]Found 51 starred and 100 listened episodes
2025-04-01T22:21:12.716Z API [request=39a097e2-9d33-4272-a671-0c69820289c8 episode=b516b932-634e-426b-aad2-7cf0fefeed9a source=pocketcasts-cache]GET /episode/show_notes/b516b932-634e-426b-aad2-7cf0fefeed9a 200 199ms
2025-04-01T22:21:13.570Z API [request=09331219-3769-4cc5-bb80-854aaf26f61c episode=e3fb6d3a-118f-474f-aca1-b64fbe9b21d6 source=pocketcasts-cache]GET /episode/show_notes/e3fb6d3a-118f-474f-aca1-b64fbe9b21d6 200 148ms
2025-04-01T22:21:16.538Z API [request=7cb0ef33-d999-40c6-96a6-2a157fe0ed71 episode=533dfec5-4911-4f03-a093-cade8995a304 source=pocketcasts-cache]GET /episode/show_notes/533dfec5-4911-4f03-a093-cade8995a304 200 56ms
2025-04-01T22:25:07.278Z CMD Storage initialized
2025-04-01T22:25:07.281Z INFO [request=f251ebe8-bcb7-4c0e-a983-71c746b6886c]Found 51 starred and 100 listened episodes
2025-04-01T22:25:07.500Z API [request=288c905d-ee5a-452a-8b77-f6f540c96786 episode=b516b932-634e-426b-aad2-7cf0fefeed9a source=pocketcasts-cache]GET /episode/show_notes/b516b932-634e-426b-aad2-7cf0fefeed9a 200 179ms
2025-04-01T22:25:09.170Z API [request=26261d5f-45e3-449d-83b7-1404ca51f86a episode=e3fb6d3a-118f-474f-aca1-b64fbe9b21d6 source=pocketcasts-cache]GET /episode/show_notes/e3fb6d3a-118f-474f-aca1-b64fbe9b21d6 200 132ms
2025-04-01T22:25:09.763Z API [request=7af3af0f-e6aa-49e9-a0a7-5465d330e827 episode=533dfec5-4911-4f03-a093-cade8995a304 source=pocketcasts-cache]GET /episode/show_notes/533dfec5-4911-4f03-a093-cade8995a304 200 50ms
2025-04-01T22:25:10.254Z API [request=c0a84f47-f29f-4dcf-8e68-807683d89b18 episode=2989d547-66e1-45ea-b980-54ce39194eb3 source=pocketcasts-cache]GET /episode/show_notes/2989d547-66e1-45ea-b980-54ce39194eb3 200 61ms
2025-04-01T22:25:10.811Z API [request=e17ff9a6-e124-4395-869a-71bb06411f8c episode=c9cca378-1270-4da6-ae22-f731b42d3081 source=pocketcasts-cache]GET /episode/show_notes/c9cca378-1270-4da6-ae22-f731b42d3081 200 80ms
2025-04-01T22:25:11.298Z API [request=19673672-6143-4fd9-b22b-acd1ff918835 episode=67e3afa4-a967-456a-9606-ae4e42df9c75 source=pocketcasts-cache]GET /episode/show_notes/67e3afa4-a967-456a-9606-ae4e42df9c75 200 52ms
2025-04-01T22:25:12.370Z API [request=0cd6f804-1f30-460f-b5ff-ceeeaa0cd707 episode=3d48a656-67d2-4185-93c9-ab65c2da0470 source=pocketcasts-cache]GET /episode/show_notes/3d48a656-67d2-4185-93c9-ab65c2da0470 200 130ms
2025-04-01T22:25:12.943Z API [request=391da231-7d40-410c-bdd3-7eeae3d5e431 episode=93c97cfe-5673-4f13-98dd-6675fb0c62a8 source=pocketcasts-cache]GET /episode/show_notes/93c97cfe-5673-4f13-98dd-6675fb0c62a8 200 182ms
2025-04-01T22:25:13.249Z API [request=297b8987-59f0-4202-a543-bd9e6b6f9e2f episode=dc8db552-32fb-4e4a-b7a4-9f5596aaa248 source=pocketcasts-cache]GET /episode/show_notes/dc8db552-32fb-4e4a-b7a4-9f5596aaa248 200 61ms
2025-04-01T22:25:13.566Z API [request=072f0aa5-97dc-4e9b-a0bc-e8929eaaa744 episode=08e522b9-4847-42e7-a2d5-478b388169b3 source=pocketcasts-cache]GET /episode/show_notes/08e522b9-4847-42e7-a2d5-478b388169b3 200 57ms
2025-04-01T22:25:13.749Z API [request=fbd03737-7bce-4b88-8311-7da4f42f0cef episode=40645cb4-bd42-4e14-b493-c42f337524ba source=pocketcasts-cache]GET /episode/show_notes/40645cb4-bd42-4e14-b493-c42f337524ba 200 54ms
2025-04-01T22:25:13.922Z API [request=ccfb29fb-3da4-430c-8d88-a08d2caeac2d episode=034f59bf-bd36-4ce9-ad36-178ee9ecd5f2 source=pocketcasts-cache]GET /episode/show_notes/034f59bf-bd36-4ce9-ad36-178ee9ecd5f2 200 57ms
2025-04-01T22:25:14.191Z API [request=76256570-0fc7-48d3-bc62-3b1631f64ca6 episode=516ffc4d-f71f-4397-b930-19117f0c66a3 source=pocketcasts-cache]GET /episode/show_notes/516ffc4d-f71f-4397-b930-19117f0c66a3 200 157ms
2025-04-01T22:25:14.247Z API [request=e5c407b4-67e8-4d53-bc17-b0ddcf7bef85 episode=256a633c-f01c-4322-a7c7-9715b0d78ae7 source=pocketcasts-cache]GET /episode/show_notes/256a633c-f01c-4322-a7c7-9715b0d78ae7 200 50ms
2025-04-01T22:25:14.480Z API [request=f1c5127d-880f-47a1-98cb-4f523328eb4e episode=bc98cab9-05eb-40b1-8fdb-ee512abbca0a source=pocketcasts-cache]GET /episode/show_notes/bc98cab9-05eb-40b1-8fdb-ee512abbca0a 200 114ms
2025-04-01T22:25:14.597Z API [request=1216b89f-32cb-4253-bdcd-a2b26287cf07 episode=76410bf0-9e5e-4379-a8a4-95cd2355c06d source=pocketcasts-cache]GET /episode/show_notes/76410bf0-9e5e-4379-a8a4-95cd2355c06d 200 58ms
2025-04-01T22:25:14.786Z API [request=5699b18d-7b91-4933-a2ec-e60eb5bf60fa episode=60b69aef-7958-4af8-8d55-2ae2fd7b0f48 source=pocketcasts-cache]GET /episode/show_notes/60b69aef-7958-4af8-8d55-2ae2fd7b0f48 200 89ms
2025-04-01T22:25:14.921Z API [request=edadcb7b-e39e-46e3-aae1-1efb2c46dcc9 episode=603633c6-5b41-47af-835d-165829f86bb1 source=pocketcasts-cache]GET /episode/show_notes/603633c6-5b41-47af-835d-165829f86bb1 200 48ms
2025-04-01T22:28:30.123Z CMD Storage initialized
2025-04-01T22:28:47.379Z CMD Storage initialized
2025-04-01T22:28:47.382Z INFO [request=ec87f499-90a2-4f42-a6f5-421aee6fb833]Found 51 starred and 100 listened episodes
2025-04-01T22:28:47.624Z API [request=87ed0ae3-2cc8-4680-8e3e-3de6ed308efc episode=b516b932-634e-426b-aad2-7cf0fefeed9a source=pocketcasts-cache]GET /episode/show_notes/b516b932-634e-426b-aad2-7cf0fefeed9a 200 201ms
2025-04-01T22:28:48.837Z API [request=b9104e87-a658-4288-891a-d6db3fd2958c episode=e3fb6d3a-118f-474f-aca1-b64fbe9b21d6 source=pocketcasts-cache]GET /episode/show_notes/e3fb6d3a-118f-474f-aca1-b64fbe9b21d6 200 97ms
2025-04-01T22:28:49.334Z API [request=7c7f29a0-645a-4121-8c46-7488aafdc33e episode=533dfec5-4911-4f03-a093-cade8995a304 source=pocketcasts-cache]GET /episode/show_notes/533dfec5-4911-4f03-a093-cade8995a304 200 85ms
2025-04-01T22:28:49.893Z API [request=334ebd61-b7cf-42d4-87ed-318bed724c1f episode=2989d547-66e1-45ea-b980-54ce39194eb3 source=pocketcasts-cache]GET /episode/show_notes/2989d547-66e1-45ea-b980-54ce39194eb3 200 98ms
2025-04-01T22:28:50.502Z API [request=c736af02-32c4-49d1-98d6-0229a2ad1836 episode=c9cca378-1270-4da6-ae22-f731b42d3081 source=pocketcasts-cache]GET /episode/show_notes/c9cca378-1270-4da6-ae22-f731b42d3081 200 81ms
2025-04-01T22:29:39.267Z CMD Storage initialized
2025-04-01T22:29:39.270Z INFO [request=3ef4c7bc-309c-41c4-84ec-747921544aad]Found 51 starred and 100 listened episodes
2025-04-01T22:29:39.518Z API [request=7acc6be7-209d-413f-8d52-a7a2aee41c3d episode=b516b932-634e-426b-aad2-7cf0fefeed9a source=pocketcasts-cache]GET /episode/show_notes/b516b932-634e-426b-aad2-7cf0fefeed9a 200 208ms
2025-04-01T22:29:40.757Z API [request=a06bf543-255a-4a50-8bc1-882fbcd560f7 episode=e3fb6d3a-118f-474f-aca1-b64fbe9b21d6 source=pocketcasts-cache]GET /episode/show_notes/e3fb6d3a-118f-474f-aca1-b64fbe9b21d6 200 224ms
2025-04-01T22:29:47.011Z CMD Storage initialized
2025-04-01T22:29:47.014Z INFO [request=dad1052e-4909-4eeb-84d8-f45847439b85]Found 51 starred and 100 listened episodes
2025-04-01T22:29:47.219Z API [request=2cb57484-395b-41bc-932f-d2e283d2297e episode=b516b932-634e-426b-aad2-7cf0fefeed9a source=pocketcasts-cache]GET /episode/show_notes/b516b932-634e-426b-aad2-7cf0fefeed9a 200 165ms
2025-04-01T22:33:30.173Z CMD Storage initialized
2025-04-01T22:33:30.176Z INFO [request=40efacfa-5ec0-499b-94b2-dc987f4d1a13]Found 51 starred and 100 listened episodes
2025-04-01T22:33:30.418Z API [request=e6aa2b8b-b7f6-4f0b-a51c-798113bd0af7 episode=b516b932-634e-426b-aad2-7cf0fefeed9a source=pocketcasts-cache]GET /episode/show_notes/b516b932-634e-426b-aad2-7cf0fefeed9a 200 199ms
2025-04-01T22:33:31.288Z API [request=df4afe86-48ef-4f5f-abed-4199cf4f2b57 episode=e3fb6d3a-118f-474f-aca1-b64fbe9b21d6 source=pocketcasts-cache]GET /episode/show_notes/e3fb6d3a-118f-474f-aca1-b64fbe9b21d6 200 85ms
2025-04-01T22:33:35.788Z API [request=9e3f8ee0-2fc5-4a9d-a3de-12f92f592f8d episode=533dfec5-4911-4f03-a093-cade8995a304 source=pocketcasts-cache]GET /episode/show_notes/533dfec5-4911-4f03-a093-cade8995a304 200 139ms
2025-04-01T22:33:36.518Z API [request=42ffc0c2-2878-4e6c-aebd-6f03edd9d677 episode=2989d547-66e1-45ea-b980-54ce39194eb3 source=pocketcasts-cache]GET /episode/show_notes/2989d547-66e1-45ea-b980-54ce39194eb3 200 67ms
2025-04-01T22:33:36.946Z API [request=a927cab7-2104-405f-acdb-f1ef63907ffa episode=c9cca378-1270-4da6-ae22-f731b42d3081 source=pocketcasts-cache]GET /episode/show_notes/c9cca378-1270-4da6-ae22-f731b42d3081 200 63ms
2025-04-01T22:33:37.269Z API [request=20a1e359-d537-418f-af66-70e69dcb0e03 episode=67e3afa4-a967-456a-9606-ae4e42df9c75 source=pocketcasts-cache]GET /episode/show_notes/67e3afa4-a967-456a-9606-ae4e42df9c75 200 58ms
2025-04-01T22:33:37.545Z API [request=e4fbaf25-854f-4715-a07c-2e6e8bb75c77 episode=3d48a656-67d2-4185-93c9-ab65c2da0470 source=pocketcasts-cache]GET /episode/show_notes/3d48a656-67d2-4185-93c9-ab65c2da0470 200 156ms
2025-04-01T22:33:37.730Z API [request=fc3acc44-009d-4a8b-89fc-bc5b208b7ae5 episode=93c97cfe-5673-4f13-98dd-6675fb0c62a8 source=pocketcasts-cache]GET /episode/show_notes/93c97cfe-5673-4f13-98dd-6675fb0c62a8 200 193ms
2025-04-01T22:33:37.734Z API [request=00c42abb-9dca-427c-9c33-624283bb00a8 episode=dc8db552-32fb-4e4a-b7a4-9f5596aaa248 source=pocketcasts-cache]GET /episode/show_notes/dc8db552-32fb-4e4a-b7a4-9f5596aaa248 200 46ms
2025-04-01T22:35:57.525Z CMD Storage initialized
2025-04-01T22:35:57.528Z INFO [request=d2b33858-0c98-494d-9c58-1e19eb12de76]Found 51 starred and 100 listened episodes
2025-04-01T22:35:57.773Z API [request=2a9b46e3-9235-44b2-b2cf-bdf4919b922f episode=b516b932-634e-426b-aad2-7cf0fefeed9a source=pocketcasts-cache]GET /episode/show_notes/b516b932-634e-426b-aad2-7cf0fefeed9a 200 206ms
2025-04-01T22:35:58.286Z API [request=c4cba213-c53e-4c9a-b6cc-0b3a0cafcfa5 episode=e3fb6d3a-118f-474f-aca1-b64fbe9b21d6 source=pocketcasts-cache]GET /episode/show_notes/e3fb6d3a-118f-474f-aca1-b64fbe9b21d6 200 101ms
2025-04-01T22:35:58.723Z API [request=8094df85-fc2a-447e-98e0-c0d676fbc4ae episode=533dfec5-4911-4f03-a093-cade8995a304 source=pocketcasts-cache]GET /episode/show_notes/533dfec5-4911-4f03-a093-cade8995a304 200 71ms
2025-04-01T22:35:59.160Z API [request=5791662e-df66-4d5d-95d3-6f8e2d1acc86 episode=2989d547-66e1-45ea-b980-54ce39194eb3 source=pocketcasts-cache]GET /episode/show_notes/2989d547-66e1-45ea-b980-54ce39194eb3 200 78ms
2025-04-01T22:35:59.555Z API [request=5b8b01e0-e298-421c-a19a-1b7a9b6f0dd5 episode=c9cca378-1270-4da6-ae22-f731b42d3081 source=pocketcasts-cache]GET /episode/show_notes/c9cca378-1270-4da6-ae22-f731b42d3081 200 75ms
2025-04-01T22:36:05.061Z CMD Storage initialized
2025-04-01T22:36:05.064Z INFO [request=77a5277c-7a84-4ae8-994e-31ab8ab8f694]Found 51 starred and 100 listened episodes
2025-04-01T22:36:05.266Z API [request=44991014-ebec-4deb-a9c1-686c4ce53287 episode=b516b932-634e-426b-aad2-7cf0fefeed9a source=pocketcasts-cache]GET /episode/show_notes/b516b932-634e-426b-aad2-7cf0fefeed9a 200 161ms
2025-04-01T22:36:05.942Z API [request=98677a44-c4e0-4210-bff2-f4716f70b47d episode=e3fb6d3a-118f-474f-aca1-b64fbe9b21d6 source=pocketcasts-cache]GET /episode/show_notes/e3fb6d3a-118f-474f-aca1-b64fbe9b21d6 200 72ms
2025-04-01T22:36:06.446Z API [request=0e046ec1-da52-48f9-b7f0-f2e542bb304e episode=533dfec5-4911-4f03-a093-cade8995a304 source=pocketcasts-cache]GET /episode/show_notes/533dfec5-4911-4f03-a093-cade8995a304 200 61ms
2025-04-01T22:36:06.793Z API [request=8c60691d-6621-42cf-9e5e-292b2d018f36 episode=2989d547-66e1-45ea-b980-54ce39194eb3 source=pocketcasts-cache]GET /episode/show_notes/2989d547-66e1-45ea-b980-54ce39194eb3 200 74ms
2025-04-01T22:36:06.970Z API [request=7ea93bb7-5a6f-4330-8f4a-5b6259822770 episode=c9cca378-1270-4da6-ae22-f731b42d3081 source=pocketcasts-cache]GET /episode/show_notes/c9cca378-1270-4da6-ae22-f731b42d3081 200 59ms
2025-04-01T22:36:07.135Z API [request=2dc9a4f9-7c2f-4374-b9a7-5c699cf31d92 episode=67e3afa4-a967-456a-9606-ae4e42df9c75 source=pocketcasts-cache]GET /episode/show_notes/67e3afa4-a967-456a-9606-ae4e42df9c75 200 52ms
2025-04-01T22:36:07.402Z API [request=ce577ee6-522f-4f9a-bb4e-420c3790b4e7 episode=3d48a656-67d2-4185-93c9-ab65c2da0470 source=pocketcasts-cache]GET /episode/show_notes/3d48a656-67d2-4185-93c9-ab65c2da0470 200 158ms
2025-04-01T22:36:07.638Z API [request=0740b6c7-810e-4c4e-9c55-f0f9e0a12420 episode=93c97cfe-5673-4f13-98dd-6675fb0c62a8 source=pocketcasts-cache]GET /episode/show_notes/93c97cfe-5673-4f13-98dd-6675fb0c62a8 200 237ms
2025-04-01T22:38:02.334Z CMD Storage initialized
2025-04-01T22:38:02.337Z INFO [request=7311fda1-c166-4f23-aff5-0e3e06c22c48]Found 51 starred and 100 listened episodes
2025-04-01T22:38:02.604Z API [request=96bc9d0c-c497-402d-a3d3-cd13816c9c87 episode=b516b932-634e-426b-aad2-7cf0fefeed9a source=pocketcasts-cache]GET /episode/show_notes/b516b932-634e-426b-aad2-7cf0fefeed9a 200 228ms
2025-04-01T22:38:04.455Z API [request=118b6164-8f4a-47d6-b82f-e2e6359afcca episode=e3fb6d3a-118f-474f-aca1-b64fbe9b21d6 source=pocketcasts-cache]GET /episode/show_notes/e3fb6d3a-118f-474f-aca1-b64fbe9b21d6 200 91ms
2025-04-01T22:45:53.682Z CMD Storage initialized
2025-04-01T22:45:53.931Z API [request=41afbbe2-aea6-4178-8119-9627331b054c episode=01fa7d6c-50ed-4e31-9e68-02c01f68115d source=pocketcasts-cache]GET /episode/show_notes/01fa7d6c-50ed-4e31-9e68-02c01f68115d 200 218ms
2025-04-01T22:45:54.919Z API [request=19c60ba1-456b-4ae2-9fe2-144ee2651873 episode=034f59bf-bd36-4ce9-ad36-178ee9ecd5f2 source=pocketcasts-cache]GET /episode/show_notes/034f59bf-bd36-4ce9-ad36-178ee9ecd5f2 200 64ms
2025-04-01T22:45:55.652Z API [request=53ca6a33-e326-44a5-a96c-ceb7e8ce68c0 episode=03cfe563-5577-4973-b783-7db148c53436 source=pocketcasts-cache]GET /episode/show_notes/03cfe563-5577-4973-b783-7db148c53436 200 134ms
2025-04-01T22:46:53.737Z CMD Storage initialized
2025-04-01T22:46:53.949Z API [request=88bb620e-42fd-4449-b844-80e48634e627 episode=01fa7d6c-50ed-4e31-9e68-02c01f68115d source=pocketcasts-cache]GET /episode/show_notes/01fa7d6c-50ed-4e31-9e68-02c01f68115d 200 179ms
2025-04-01T22:46:54.818Z API [request=fd54bfdf-dec9-4c26-81de-1c11e76e1176 episode=034f59bf-bd36-4ce9-ad36-178ee9ecd5f2 source=pocketcasts-cache]GET /episode/show_notes/034f59bf-bd36-4ce9-ad36-178ee9ecd5f2 200 92ms
2025-04-01T22:46:55.311Z API [request=28a469d7-cf37-4fd4-ba60-e82d5e187fcc episode=03cfe563-5577-4973-b783-7db148c53436 source=pocketcasts-cache]GET /episode/show_notes/03cfe563-5577-4973-b783-7db148c53436 200 92ms
2025-04-01T22:46:55.638Z API [request=34ac3d75-0906-42d9-836c-c5b548a51319 episode=04af6a67-1403-4007-ad83-5d38eb5ec605 source=pocketcasts-cache]GET /episode/show_notes/04af6a67-1403-4007-ad83-5d38eb5ec605 200 80ms
2025-04-01T22:46:55.814Z API [request=08db8b98-3865-4734-95ac-ca5abdc3fcc7 episode=0579a833-8abe-4698-89b5-0deb630c50fe source=pocketcasts-cache]GET /episode/show_notes/0579a833-8abe-4698-89b5-0deb630c50fe 200 91ms
2025-04-01T22:46:55.947Z API [request=7f5ca446-0f6c-441b-b423-4f9b7be93856 episode=05ee2d09-8a2a-4219-8eb5-1973d50c8fd1 source=pocketcasts-cache]GET /episode/show_notes/05ee2d09-8a2a-4219-8eb5-1973d50c8fd1 200 61ms
2025-04-01T22:46:56.164Z API [request=a1c0ede7-af7b-4007-9772-890718de0855 episode=0817c6c7-1bfd-43f2-a70a-ccf6f74e7f72 source=pocketcasts-cache]GET /episode/show_notes/0817c6c7-1bfd-43f2-a70a-ccf6f74e7f72 200 129ms
2025-04-01T22:46:56.384Z API [request=f7353f69-5721-4bbd-8838-1b6567d40409 episode=08e522b9-4847-42e7-a2d5-478b388169b3 source=pocketcasts-cache]GET /episode/show_notes/08e522b9-4847-42e7-a2d5-478b388169b3 200 170ms
2025-04-01T22:46:57.049Z API [request=f62742ed-13f4-4723-bade-99796e05803e episode=0817c6c7-1bfd-43f2-a70a-ccf6f74e7f72 source=pocketcasts-cache]GET /episode/show_notes/0817c6c7-1bfd-43f2-a70a-ccf6f74e7f72 200 75ms
2025-04-01T22:46:57.234Z API [request=57096640-b3b8-40a5-a884-7d74ddc87b58 episode=05ee2d09-8a2a-4219-8eb5-1973d50c8fd1 source=pocketcasts-cache]GET /episode/show_notes/05ee2d09-8a2a-4219-8eb5-1973d50c8fd1 200 51ms
2025-04-01T22:46:57.384Z API [request=039b5050-add6-4c99-be27-dbd066b3e4cb episode=0579a833-8abe-4698-89b5-0deb630c50fe source=pocketcasts-cache]GET /episode/show_notes/0579a833-8abe-4698-89b5-0deb630c50fe 200 54ms
2025-04-01T22:55:47.123Z CMD Storage initialized
2025-04-01T22:55:47.360Z API [request=d4676167-4f62-4366-91b0-11976a684633 episode=01fa7d6c-50ed-4e31-9e68-02c01f68115d source=pocketcasts-cache]GET /episode/show_notes/01fa7d6c-50ed-4e31-9e68-02c01f68115d 200 206ms
2025-04-01T22:55:48.331Z API [request=abbfcc00-eefa-4693-ae4c-96a5c3cecabd episode=034f59bf-bd36-4ce9-ad36-178ee9ecd5f2 source=pocketcasts-cache]GET /episode/show_notes/034f59bf-bd36-4ce9-ad36-178ee9ecd5f2 200 88ms
2025-04-01T22:55:48.820Z API [request=fda5c179-4b08-44ec-9726-36d36ee839fd episode=03cfe563-5577-4973-b783-7db148c53436 source=pocketcasts-cache]GET /episode/show_notes/03cfe563-5577-4973-b783-7db148c53436 200 98ms
2025-04-01T22:55:49.035Z API [request=36f7af4b-79d5-4f0c-ac97-25bee29a4140 episode=04af6a67-1403-4007-ad83-5d38eb5ec605 source=pocketcasts-cache]GET /episode/show_notes/04af6a67-1403-4007-ad83-5d38eb5ec605 200 75ms
2025-04-01T22:55:49.213Z API [request=f5144c97-a579-4367-bb71-c95c58db877b episode=0579a833-8abe-4698-89b5-0deb630c50fe source=pocketcasts-cache]GET /episode/show_notes/0579a833-8abe-4698-89b5-0deb630c50fe 200 77ms
2025-04-01T22:55:49.384Z API [request=9f0ab623-66b9-4789-bda1-baff427ec1be episode=05ee2d09-8a2a-4219-8eb5-1973d50c8fd1 source=pocketcasts-cache]GET /episode/show_notes/05ee2d09-8a2a-4219-8eb5-1973d50c8fd1 200 71ms
2025-04-01T22:55:49.604Z API [request=2ff14891-0510-4615-ae88-74f91a29dca5 episode=0817c6c7-1bfd-43f2-a70a-ccf6f74e7f72 source=pocketcasts-cache]GET /episode/show_notes/0817c6c7-1bfd-43f2-a70a-ccf6f74e7f72 200 133ms
2025-04-01T22:55:49.701Z API [request=8ba4ca17-06c5-4a02-a4ed-b4e9e32fbffc episode=08e522b9-4847-42e7-a2d5-478b388169b3 source=pocketcasts-cache]GET /episode/show_notes/08e522b9-4847-42e7-a2d5-478b388169b3 200 67ms
2025-04-01T22:55:49.994Z API [request=a0ec0bae-3116-4c38-a07e-4bf49893f05e episode=1106fc98-4e74-49d0-8749-18cf3468b7f6 source=pocketcasts-cache]GET /episode/show_notes/1106fc98-4e74-49d0-8749-18cf3468b7f6 200 185ms
2025-04-01T22:55:50.140Z API [request=cb99f6f0-8377-46cf-b330-95ad3893d594 episode=114ab004-af89-44f5-b015-adda2bc615f4 source=pocketcasts-cache]GET /episode/show_notes/114ab004-af89-44f5-b015-adda2bc615f4 200 161ms
2025-04-01T22:55:50.222Z API [request=fc6f74ab-5502-43a7-badf-195543b51e0c episode=116c929f-077f-4931-b973-3f5c61c9322d source=pocketcasts-cache]GET /episode/show_notes/116c929f-077f-4931-b973-3f5c61c9322d 200 59ms
2025-04-01T22:55:50.538Z API [request=6b13364e-3161-48f2-9bf0-56fc5d6433ab episode=123d78f0-aba5-4866-8af7-53623c1f3922 source=pocketcasts-cache]GET /episode/show_notes/123d78f0-aba5-4866-8af7-53623c1f3922 200 206ms
2025-04-01T22:55:51.215Z API [request=31d9c9b5-b7f8-4265-a4f6-20f2972ccb5a episode=116c929f-077f-4931-b973-3f5c61c9322d source=pocketcasts-cache]GET /episode/show_notes/116c929f-077f-4931-b973-3f5c61c9322d 200 57ms
2025-04-01T22:55:51.398Z API [request=b2995a29-6c2e-4ae9-b06a-ef8597b058dd episode=114ab004-af89-44f5-b015-adda2bc615f4 source=pocketcasts-cache]GET /episode/show_notes/114ab004-af89-44f5-b015-adda2bc615f4 200 66ms
2025-04-01T22:55:51.582Z API [request=ee8a395b-2c67-4803-a267-38529f5bce84 episode=1106fc98-4e74-49d0-8749-18cf3468b7f6 source=pocketcasts-cache]GET /episode/show_notes/1106fc98-4e74-49d0-8749-18cf3468b7f6 200 76ms
2025-04-01T22:55:51.718Z API [request=f5c584af-b07e-4526-8846-b977c9240eea episode=08e522b9-4847-42e7-a2d5-478b388169b3 source=pocketcasts-cache]GET /episode/show_notes/08e522b9-4847-42e7-a2d5-478b388169b3 200 56ms
2025-04-01T22:55:51.928Z API [request=22165441-879c-430b-a3b3-9f608c27ed6d episode=0817c6c7-1bfd-43f2-a70a-ccf6f74e7f72 source=pocketcasts-cache]GET /episode/show_notes/0817c6c7-1bfd-43f2-a70a-ccf6f74e7f72 200 127ms
2025-04-01T22:55:52.112Z API [request=a5cf78a1-6856-4629-9ff1-d348b8ff3cb1 episode=05ee2d09-8a2a-4219-8eb5-1973d50c8fd1 source=pocketcasts-cache]GET /episode/show_notes/05ee2d09-8a2a-4219-8eb5-1973d50c8fd1 200 57ms
